<?xml version="1.0" encoding="UTF-8"?>
<!-- Generated by org.testng.reporters.JUnitXMLReporter -->
<testsuite ignored="0" hostname="sheereesh-PC" failures="4" tests="4" name="testname" time="24.677" errors="0" timestamp="2022-01-01T13:27:08 IST">
  <testcase classname="io.cucumber.testng.AbstractTestNGCucumberTests" name="runScenario" time="6.161">
    <failure type="java.lang.NullPointerException" message="inStream parameter is null">
      <![CDATA[java.lang.NullPointerException: inStream parameter is null
at java.base/java.util.Objects.requireNonNull(Objects.java:233)
at java.base/java.util.Properties.load(Properties.java:407)
at util.PropertyReader.properyReader(PropertyReader.java:19)
at util.InvokeBrowser.invokeBrowser(InvokeBrowser.java:17)
at myHooks.MyHooks.invokeBrowser(MyHooks.java:14)
]]>
    </failure>
  </testcase> <!-- runScenario -->
  <testcase classname="io.cucumber.testng.AbstractTestNGCucumberTests" name="runScenario" time="6.047">
    <failure type="java.lang.NullPointerException" message="inStream parameter is null">
      <![CDATA[java.lang.NullPointerException: inStream parameter is null
at java.base/java.util.Objects.requireNonNull(Objects.java:233)
at java.base/java.util.Properties.load(Properties.java:407)
at util.PropertyReader.properyReader(PropertyReader.java:19)
at util.InvokeBrowser.invokeBrowser(InvokeBrowser.java:17)
at myHooks.MyHooks.invokeBrowser(MyHooks.java:14)
]]>
    </failure>
  </testcase> <!-- runScenario -->
  <testcase classname="io.cucumber.testng.AbstractTestNGCucumberTests" name="runScenario" time="6.061">
    <failure type="java.lang.NullPointerException" message="inStream parameter is null">
      <![CDATA[java.lang.NullPointerException: inStream parameter is null
at java.base/java.util.Objects.requireNonNull(Objects.java:233)
at java.base/java.util.Properties.load(Properties.java:407)
at util.PropertyReader.properyReader(PropertyReader.java:19)
at util.InvokeBrowser.invokeBrowser(InvokeBrowser.java:17)
at myHooks.MyHooks.invokeBrowser(MyHooks.java:14)
]]>
    </failure>
  </testcase> <!-- runScenario -->
  <testcase classname="io.cucumber.testng.AbstractTestNGCucumberTests" name="runScenario" time="6.013">
    <failure type="java.lang.NullPointerException" message="inStream parameter is null">
      <![CDATA[java.lang.NullPointerException: inStream parameter is null
at java.base/java.util.Objects.requireNonNull(Objects.java:233)
at java.base/java.util.Properties.load(Properties.java:407)
at util.PropertyReader.properyReader(PropertyReader.java:19)
at util.InvokeBrowser.invokeBrowser(InvokeBrowser.java:17)
at myHooks.MyHooks.invokeBrowser(MyHooks.java:14)
]]>
    </failure>
  </testcase> <!-- runScenario -->
</testsuite> <!-- testname -->
